<?xml version="1.0" encoding="UTF-8"?>
<!-- Generated by org.testng.reporters.JUnitReportReporter -->
<testsuite hostname="LAPTOP-UMV6OFSC" failures="0" tests="1" name="SDET_capstone.MobileTesting.Caluculator" time="19.044" errors="0" timestamp="2023-09-17T17:07:23 IST" skipped="0">
  <testcase classname="SDET_capstone.MobileTesting.Caluculator" name="AppiumApplcation" time="19.044"/>
  <system-out/>
</testsuite> <!-- SDET_capstone.MobileTesting.Caluculator -->
