<?xml version="1.0" encoding="UTF-8"?>
<!-- Generated by org.testng.reporters.JUnitReportReporter -->
<testsuite hostname="LAPTOP-UMV6OFSC" failures="0" tests="2" name="SDET_intialisation.IntialisationFIle" time="17.321" errors="0" timestamp="2023-09-17T14:55:56 IST" skipped="0">
  <testcase classname="SDET_intialisation.IntialisationFIle" name="CaluculatorSDET_Data" time="0.001"/>
  <system-out/>
  <testcase classname="SDET_intialisation.IntialisationFIle" name="AppiumApplcation" time="17.320"/>
  <system-out/>
</testsuite> <!-- SDET_intialisation.IntialisationFIle -->
