<?xml version="1.0" encoding="UTF-8"?>
<!-- Generated by org.testng.reporters.JUnitReportReporter -->
<testsuite hostname="LAPTOP-UMV6OFSC" failures="0" tests="1" name="SDET_capstone.MobileTesting.demo1" time="8.940" errors="0" timestamp="2023-09-17T17:02:00 IST" skipped="0">
  <testcase classname="SDET_capstone.MobileTesting.demo1" name="AppiumApplcation" time="8.940"/>
  <system-out/>
</testsuite> <!-- SDET_capstone.MobileTesting.demo1 -->
