<?xml version="1.0" encoding="UTF-8"?>
<!-- Generated by org.testng.reporters.JUnitReportReporter -->
<testsuite hostname="LAPTOP-UMV6OFSC" failures="0" tests="1" name="com.qa.testscripts.SwagLogin_01" time="4.489" errors="0" timestamp="2023-09-17T16:44:34 IST" skipped="0">
  <testcase classname="com.qa.testscripts.SwagLogin_01" name="login" time="4.489"/>
  <system-out/>
</testsuite> <!-- com.qa.testscripts.SwagLogin_01 -->
