<?xml version="1.0" encoding="UTF-8"?>
<!-- Generated by org.testng.reporters.JUnitReportReporter -->
<testsuite hostname="LAPTOP-UMV6OFSC" failures="0" tests="2" name="com.qa.testscripts.SwagLoginCart_01" time="14.589" errors="0" timestamp="2023-09-17T16:44:34 IST" skipped="0">
  <testcase classname="com.qa.testscripts.SwagLoginCart_01" name="login" time="4.451"/>
  <system-out/>
  <testcase classname="com.qa.testscripts.SwagLoginCart_01" name="cart" time="10.138"/>
  <system-out/>
</testsuite> <!-- com.qa.testscripts.SwagLoginCart_01 -->
