<?xml version="1.0" encoding="UTF-8"?>
<!-- Generated by org.testng.reporters.JUnitReportReporter -->
<testsuite hostname="LAPTOP-UMV6OFSC" failures="0" tests="3" name="com.qa.testscripts.SwagLogout_02" time="16.678" errors="0" timestamp="2023-09-17T16:44:34 IST" skipped="0">
  <testcase classname="com.qa.testscripts.SwagLogout_02" name="login" time="4.442"/>
  <system-out/>
  <testcase classname="com.qa.testscripts.SwagLogout_02" name="cart" time="10.118"/>
  <system-out/>
  <testcase classname="com.qa.testscripts.SwagLogout_02" name="logout" time="2.118"/>
  <system-out/>
</testsuite> <!-- com.qa.testscripts.SwagLogout_02 -->
